Traceback (most recent call last):
  File "/Users/henry/Desktop/GradSchool/Fall2025/CSCI6118/Assignments/assignment-2-python-refresher-HenryJordan500/print_fires.py", line 32, in <module>
    fires = get_column(file_name=args.file_name,    # Execute function to extract data
                       query_column=args.country_column,
                       query_value=args.country,
                       result_column=args.fires_column)
  File "/Users/henry/Desktop/GradSchool/Fall2025/CSCI6118/Assignments/assignment-2-python-refresher-HenryJordan500/my_utils.py", line 7, in get_column
    df = pd.read_csv(file_name)  # Initialize csv as dataframe
  File "/Users/henry/miniforge3/envs/swe4s/lib/python3.13/site-packages/pandas/io/parsers/readers.py", line 1026, in read_csv
    return _read(filepath_or_buffer, kwds)
  File "/Users/henry/miniforge3/envs/swe4s/lib/python3.13/site-packages/pandas/io/parsers/readers.py", line 620, in _read
    parser = TextFileReader(filepath_or_buffer, **kwds)
  File "/Users/henry/miniforge3/envs/swe4s/lib/python3.13/site-packages/pandas/io/parsers/readers.py", line 1620, in __init__
    self._engine = self._make_engine(f, self.engine)
                   ~~~~~~~~~~~~~~~~~^^^^^^^^^^^^^^^^
  File "/Users/henry/miniforge3/envs/swe4s/lib/python3.13/site-packages/pandas/io/parsers/readers.py", line 1880, in _make_engine
    self.handles = get_handle(
                   ~~~~~~~~~~^
        f,
        ^^
    ...<6 lines>...
        storage_options=self.options.get("storage_options", None),
        ^^^^^^^^^^^^^^^^^^^^^^^^^^^^^^^^^^^^^^^^^^^^^^^^^^^^^^^^^^
    )
    ^
  File "/Users/henry/miniforge3/envs/swe4s/lib/python3.13/site-packages/pandas/io/common.py", line 873, in get_handle
    handle = open(
        handle,
    ...<3 lines>...
        newline="",
    )
FileNotFoundError: [Errno 2] No such file or directory: 'Agrofood_co2_emisson.csv'
