Traceback (most recent call last):
  File "/Users/henry/miniforge3/envs/swe4s/lib/python3.13/site-packages/pandas/core/indexes/base.py", line 3812, in get_loc
    return self._engine.get_loc(casted_key)
           ~~~~~~~~~~~~~~~~~~~~^^^^^^^^^^^^
  File "pandas/_libs/index.pyx", line 167, in pandas._libs.index.IndexEngine.get_loc
  File "pandas/_libs/index.pyx", line 196, in pandas._libs.index.IndexEngine.get_loc
  File "pandas/_libs/hashtable_class_helper.pxi", line 7088, in pandas._libs.hashtable.PyObjectHashTable.get_item
  File "pandas/_libs/hashtable_class_helper.pxi", line 7096, in pandas._libs.hashtable.PyObjectHashTable.get_item
KeyError: 'Forestfires'

The above exception was the direct cause of the following exception:

Traceback (most recent call last):
  File "/Users/henry/Desktop/GradSchool/Fall2025/CSCI6118/Assignments/assignment-2-python-refresher-HenryJordan500/print_fires.py", line 32, in <module>
    fires = get_column(file_name=args.file_name,    # Execute function to extract data
                       query_column=args.country_column,
                       query_value=args.country,
                       result_column=args.fires_column)
  File "/Users/henry/Desktop/GradSchool/Fall2025/CSCI6118/Assignments/assignment-2-python-refresher-HenryJordan500/my_utils.py", line 16, in get_column
    results = df[result_column][indicies]
              ~~^^^^^^^^^^^^^^^
  File "/Users/henry/miniforge3/envs/swe4s/lib/python3.13/site-packages/pandas/core/frame.py", line 4107, in __getitem__
    indexer = self.columns.get_loc(key)
  File "/Users/henry/miniforge3/envs/swe4s/lib/python3.13/site-packages/pandas/core/indexes/base.py", line 3819, in get_loc
    raise KeyError(key) from err
KeyError: 'Forestfires'
